{"C:\\Users\\shawn\\Desktop\\app\\helper.js": {"path":"C:\\Users\\shawn\\Desktop\\app\\helper.js","statementMap":{"0":{"start":{"line":9,"column":4},"end":{"line":9,"column":24}},"1":{"start":{"line":13,"column":4},"end":{"line":13,"column":47}},"2":{"start":{"line":16,"column":0},"end":{"line":18,"column":2}}},"fnMap":{"0":{"name":"reverseString","decl":{"start":{"line":8,"column":9},"end":{"line":8,"column":22}},"loc":{"start":{"line":8,"column":31},"end":{"line":14,"column":1}},"line":8}},"branchMap":{},"s":{"0":4,"1":4,"2":1},"f":{"0":4},"b":{},"_coverageSchema":"332fd63041d2c1bcb487cc26dd0d5f7d97098a6c","hash":"55b91090e66c3e1502c2418285b9b7e923800241"}
}
